<?xml version="1.0" encoding="UTF-8"?>
<testng-results ignored="0" total="1" passed="1" failed="0" skipped="0">
  <reporter-output>
  </reporter-output>
  <suite started-at="2023-05-12T17:23:33 BDT" name="Surefire suite" finished-at="2023-05-12T17:23:58 BDT" duration-ms="25367">
    <groups>
    </groups>
    <test started-at="2023-05-12T17:23:33 BDT" name="Surefire test" finished-at="2023-05-12T17:23:58 BDT" duration-ms="25367">
      <class name="com.herokuapp.javaSeleniumAutomationTest.testCases.ContextMenuTest">
        <test-method is-config="true" signature="beforeClass()[pri:0, instance:com.herokuapp.javaSeleniumAutomationTest.testCases.ContextMenuTest@135606db]" started-at="2023-05-12T17:23:33 BDT" name="beforeClass" finished-at="2023-05-12T17:23:40 BDT" duration-ms="7281" status="PASS">
          <reporter-output>
          </reporter-output>
        </test-method> <!-- beforeClass -->
        <test-method is-config="true" signature="beforeMethod()[pri:0, instance:com.herokuapp.javaSeleniumAutomationTest.testCases.ContextMenuTest@135606db]" started-at="2023-05-12T17:23:40 BDT" name="beforeMethod" finished-at="2023-05-12T17:23:45 BDT" duration-ms="5071" status="PASS">
          <reporter-output>
          </reporter-output>
        </test-method> <!-- beforeMethod -->
        <test-method signature="contextMenu()[pri:0, instance:com.herokuapp.javaSeleniumAutomationTest.testCases.ContextMenuTest@135606db]" started-at="2023-05-12T17:23:45 BDT" name="contextMenu" finished-at="2023-05-12T17:23:54 BDT" duration-ms="8915" status="PASS">
          <reporter-output>
          </reporter-output>
        </test-method> <!-- contextMenu -->
        <test-method is-config="true" signature="afterTest()[pri:0, instance:com.herokuapp.javaSeleniumAutomationTest.testCases.ContextMenuTest@135606db]" started-at="2023-05-12T17:23:54 BDT" name="afterTest" finished-at="2023-05-12T17:23:54 BDT" duration-ms="1" status="PASS">
          <reporter-output>
          </reporter-output>
        </test-method> <!-- afterTest -->
        <test-method is-config="true" signature="afterClass()[pri:0, instance:com.herokuapp.javaSeleniumAutomationTest.testCases.ContextMenuTest@135606db]" started-at="2023-05-12T17:23:54 BDT" name="afterClass" finished-at="2023-05-12T17:23:58 BDT" duration-ms="3683" status="PASS">
          <reporter-output>
          </reporter-output>
        </test-method> <!-- afterClass -->
      </class> <!-- com.herokuapp.javaSeleniumAutomationTest.testCases.ContextMenuTest -->
    </test> <!-- Surefire test -->
  </suite> <!-- Surefire suite -->
</testng-results>
