<?xml version="1.0" encoding="UTF-8"?>
<testsuite xmlns:xsi="http://www.w3.org/2001/XMLSchema-instance" xsi:noNamespaceSchemaLocation="https://maven.apache.org/surefire/maven-surefire-plugin/xsd/surefire-test-report.xsd" name="com.herokuapp.javaSeleniumAutomationTest.testCases.ContextMenuTest" time="28.339" tests="1" errors="0" skipped="0" failures="0">
  <properties>
[...]
</properties>
  <testcase name="contextMenu" classname="com.herokuapp.javaSeleniumAutomationTest.testCases.ContextMenuTest" time="8.959"/>
</testsuite>